{"stats":{"suites":0,"tests":0,"passes":0,"pending":0,"failures":0,"start":"2018-10-21T15:59:41.768Z","end":"2018-10-21T15:59:43.605Z","duration":1837,"testsRegistered":0,"passPercent":0,"pendingPercent":0,"other":0,"hasOther":false,"skipped":0,"hasSkipped":false,"passPercentClass":"success","pendingPercentClass":"danger"},"suites":{"title":"","suites":[],"tests":[],"pending":[],"root":true,"fullFile":"","file":"","passes":[],"failures":[],"skipped":[],"hasTests":false,"hasSuites":false,"totalTests":0,"totalPasses":0,"totalFailures":0,"totalPending":0,"totalSkipped":0,"hasPasses":false,"hasFailures":false,"hasPending":false,"hasSkipped":false,"duration":0,"_timeout":0,"uuid":"e58da2be-a806-4734-a354-017a2c51a9f3","hasBeforeHooks":false,"beforeHooks":[],"hasAfterHooks":false,"afterHooks":[]},"allTests":[],"allPending":[],"allPasses":[],"allFailures":[],"copyrightYear":2018}